d:\69068\documents\visual studio 2017\projects\soul knight\soul knight\debug\vc141.pdb
d:\69068\documents\visual studio 2017\projects\soul knight\soul knight\debug\vc141.idb
d:\69068\documents\visual studio 2017\projects\soul knight\soul knight\debug\soul knight.obj
d:\69068\documents\visual studio 2017\projects\soul knight\soul knight\debug\map.obj
d:\69068\documents\visual studio 2017\projects\soul knight\soul knight\debug\menu.obj
d:\69068\documents\visual studio 2017\projects\soul knight\soul knight\debug\music.obj
d:\69068\documents\visual studio 2017\projects\soul knight\soul knight\debug\operate.obj
d:\69068\documents\visual studio 2017\projects\soul knight\soul knight\debug\room.obj
d:\69068\documents\visual studio 2017\projects\soul knight\soul knight\debug\status.obj
d:\69068\documents\visual studio 2017\projects\soul knight\soul knight\debug\character.obj
d:\69068\documents\visual studio 2017\projects\soul knight\soul knight\debug\ai.obj
d:\69068\documents\visual studio 2017\projects\soul knight\soul knight\debug\enemy.obj
d:\69068\documents\visual studio 2017\projects\soul knight\debug\soul knight.ilk
d:\69068\documents\visual studio 2017\projects\soul knight\debug\soul knight.exe
d:\69068\documents\visual studio 2017\projects\soul knight\debug\soul knight.pdb
d:\69068\documents\visual studio 2017\projects\soul knight\soul knight\debug\soul knight.tlog\cl.command.1.tlog
d:\69068\documents\visual studio 2017\projects\soul knight\soul knight\debug\soul knight.tlog\cl.read.1.tlog
d:\69068\documents\visual studio 2017\projects\soul knight\soul knight\debug\soul knight.tlog\cl.write.1.tlog
d:\69068\documents\visual studio 2017\projects\soul knight\soul knight\debug\soul knight.tlog\link.command.1.tlog
d:\69068\documents\visual studio 2017\projects\soul knight\soul knight\debug\soul knight.tlog\link.read.1.tlog
d:\69068\documents\visual studio 2017\projects\soul knight\soul knight\debug\soul knight.tlog\link.write.1.tlog
